[debug] [2023-11-23T18:00:15.407Z] ----------------------------------------------------------------------
[debug] [2023-11-23T18:00:15.410Z] Command:       C:\Program Files\nodejs\node.exe C:\Users\amsoz\AppData\Roaming\npm\node_modules\firebase-tools\lib\bin\firebase.js init
[debug] [2023-11-23T18:00:15.411Z] CLI Version:   12.9.1
[debug] [2023-11-23T18:00:15.411Z] Platform:      win32
[debug] [2023-11-23T18:00:15.411Z] Node Version:  v16.20.2
[debug] [2023-11-23T18:00:15.412Z] Time:          Thu Nov 23 2023 12:00:15 GMT-0600 (Central Standard Time)
[debug] [2023-11-23T18:00:15.413Z] ----------------------------------------------------------------------
[debug] 
[debug] [2023-11-23T18:00:15.416Z] >>> [apiv2][query] GET https://firebase-public.firebaseio.com/cli.json [none]
[debug] [2023-11-23T18:00:15.446Z] > command requires scopes: ["email","openid","https://www.googleapis.com/auth/cloudplatformprojects.readonly","https://www.googleapis.com/auth/firebase","https://www.googleapis.com/auth/cloud-platform"]
[debug] [2023-11-23T18:00:15.446Z] > authorizing via signed-in user (ahmedsozzer9@gmail.com)
[info] 
     ######## #### ########  ######## ########     ###     ######  ########
     ##        ##  ##     ## ##       ##     ##  ##   ##  ##       ##
     ######    ##  ########  ######   ########  #########  ######  ######
     ##        ##  ##    ##  ##       ##     ## ##     ##       ## ##
     ##       #### ##     ## ######## ########  ##     ##  ######  ########

You're about to initialize a Firebase project in this directory:

  C:\Users\amsoz\CS 409\FINAL\wyat

[debug] [2023-11-23T18:00:15.592Z] <<< [apiv2][status] GET https://firebase-public.firebaseio.com/cli.json 200
[debug] [2023-11-23T18:00:15.592Z] <<< [apiv2][body] GET https://firebase-public.firebaseio.com/cli.json {"cloudBuildErrorAfter":1594252800000,"cloudBuildWarnAfter":1590019200000,"defaultNode10After":1594252800000,"minVersion":"3.0.5","node8DeploysDisabledAfter":1613390400000,"node8RuntimeDisabledAfter":1615809600000,"node8WarnAfter":1600128000000}
